<?xml version="1.0" encoding="UTF-8"?>
<!-- Generated by org.testng.reporters.JUnitReportReporter -->
<testsuite hostname="LAPTOP-Q3DTR5IC" failures="0" tests="3" name="Day12.ThirdTest" time="20.045" errors="0" timestamp="2024-04-09T10:39:13 IST" skipped="0">
  <testcase classname="Day12.ThirdTest" name="OpenApp" time="17.776"/>
  <system-out/>
  <testcase classname="Day12.ThirdTest" name="login" time="2.110"/>
  <system-out/>
  <testcase classname="Day12.ThirdTest" name="CloseApp" time="0.159"/>
  <system-out/>
</testsuite> <!-- Day12.ThirdTest -->
