<?xml version="1.0" encoding="UTF-8"?>
<!-- Generated by org.testng.reporters.JUnitReportReporter -->
<testsuite hostname="LAPTOP-Q3DTR5IC" failures="0" tests="2" name="Day14.Annotations" time="0.035" errors="0" timestamp="2024-04-01T10:38:52 IST" skipped="0">
  <testcase classname="Day14.Annotations" name="Search" time="0.004"/>
  <system-out/>
  <testcase classname="Day14.Annotations" name="AdvanceSearch" time="0.031"/>
  <system-out/>
</testsuite> <!-- Day14.Annotations -->
