<?xml version="1.0" encoding="UTF-8"?>
<!-- Generated by org.testng.reporters.JUnitReportReporter -->
<testsuite hostname="LAPTOP-Q3DTR5IC" failures="0" tests="3" name="Day12.ThirdTest" time="13.782" errors="0" timestamp="2024-03-29T12:19:47 IST" skipped="0">
  <testcase classname="Day12.ThirdTest" name="OpenApp" time="10.152"/>
  <system-out/>
  <testcase classname="Day12.ThirdTest" name="login" time="3.515"/>
  <system-out/>
  <testcase classname="Day12.ThirdTest" name="CloseApp" time="0.115"/>
  <system-out/>
</testsuite> <!-- Day12.ThirdTest -->
