<?xml version="1.0" encoding="UTF-8"?>
<!-- Generated by org.testng.reporters.JUnitReportReporter -->
<testsuite hostname="LAPTOP-Q3DTR5IC" failures="0" tests="3" name="Day12.FirstTest" time="0.027" errors="0" timestamp="2024-04-08T11:01:48 IST" skipped="0">
  <testcase classname="Day12.FirstTest" name="test2" time="0.002"/>
  <system-out/>
  <testcase classname="Day12.FirstTest" name="test3" time="0.005"/>
  <system-out/>
  <testcase classname="Day12.FirstTest" name="test1" time="0.020"/>
  <system-out/>
</testsuite> <!-- Day12.FirstTest -->
