<?xml version="1.0" encoding="UTF-8"?>
<!-- Generated by org.testng.reporters.JUnitReportReporter -->
<testsuite hostname="LAPTOP-Q3DTR5IC" failures="0" tests="1" name="Day14.Asserations1" time="0.025" errors="0" timestamp="2024-04-02T10:46:00 IST" skipped="0">
  <testcase classname="Day14.Asserations1" name="test" time="0.025"/>
  <system-out/>
</testsuite> <!-- Day14.Asserations1 -->
