<?xml version="1.0" encoding="UTF-8"?>
<!-- Generated by org.testng.reporters.JUnitReportReporter -->
<testsuite hostname="LAPTOP-Q3DTR5IC" failures="0" tests="2" name="Day14.AnnotationDemo1" time="0.022" errors="0" timestamp="2024-04-01T11:14:43 IST" skipped="0">
  <testcase classname="Day14.AnnotationDemo1" name="History" time="0.004"/>
  <system-out/>
  <testcase classname="Day14.AnnotationDemo1" name="Geography" time="0.018"/>
  <system-out/>
</testsuite> <!-- Day14.AnnotationDemo1 -->
