<?xml version="1.0" encoding="UTF-8"?>
<!-- Generated by org.testng.reporters.JUnitReportReporter -->
<testsuite hostname="LAPTOP-Q3DTR5IC" failures="0" tests="3" name="Day14.GroupingDemo" time="0.017" errors="0" timestamp="2024-04-02T11:43:03 IST" skipped="0">
  <testcase classname="Day14.GroupingDemo" name="loginByfacebook" time="0.014"/>
  <system-out/>
  <testcase classname="Day14.GroupingDemo" name="loginBytwitter" time="0.002"/>
  <system-out/>
  <testcase classname="Day14.GroupingDemo" name="paymentindollar" time="0.001"/>
  <system-out/>
</testsuite> <!-- Day14.GroupingDemo -->
