<?xml version="1.0" encoding="UTF-8"?>
<!-- Generated by org.testng.reporters.JUnitReportReporter -->
<testsuite hostname="LAPTOP-Q3DTR5IC" failures="0" tests="6" name="Day14.ParamTest" time="3.504" errors="0" timestamp="2024-04-03T12:47:20 IST" skipped="0">
  <testcase classname="Day14.ParamTest" name="TestLogo" time="0.088"/>
  <system-out/>
  <testcase classname="Day14.ParamTest" name="TestLogo" time="0.074"/>
  <system-out/>
  <testcase classname="Day14.ParamTest" name="testlogin" time="0.418"/>
  <system-out/>
  <testcase classname="Day14.ParamTest" name="testlogin" time="1.642"/>
  <system-out/>
  <testcase classname="Day14.ParamTest" name="testHomePageTitle" time="1.260"/>
  <system-out/>
  <testcase classname="Day14.ParamTest" name="testHomePageTitle" time="0.022"/>
  <system-out/>
</testsuite> <!-- Day14.ParamTest -->
