<?xml version="1.0" encoding="UTF-8"?>
<!-- Generated by org.testng.reporters.JUnitReportReporter -->
<testsuite hostname="LAPTOP-Q3DTR5IC" failures="0" tests="3" name="Day12.FirstTest" time="0.036" errors="0" timestamp="2024-03-29T12:19:47 IST" skipped="0">
  <testcase classname="Day12.FirstTest" name="test3" time="0.002"/>
  <system-out/>
  <testcase classname="Day12.FirstTest" name="test2" time="0.003"/>
  <system-out/>
  <testcase classname="Day12.FirstTest" name="test1" time="0.031"/>
  <system-out/>
</testsuite> <!-- Day12.FirstTest -->
