<?xml version="1.0" encoding="UTF-8"?>
<!-- Generated by org.testng.reporters.JUnitReportReporter -->
<testsuite hostname="LAPTOP-Q3DTR5IC" failures="0" tests="2" name="Day15.LoginTest" time="2.531" errors="0" timestamp="2024-04-05T10:36:57 IST" skipped="0">
  <testcase classname="Day15.LoginTest" name="Logo_check" time="0.035"/>
  <system-out/>
  <testcase classname="Day15.LoginTest" name="TestLogin" time="2.496"/>
  <system-out/>
</testsuite> <!-- Day15.LoginTest -->
