<?xml version="1.0" encoding="UTF-8"?>
<!-- Generated by org.testng.reporters.JUnitReportReporter -->
<testsuite hostname="LAPTOP-Q3DTR5IC" failures="0" tests="3" name="Day12.ThirdTest" time="25.010" errors="0" timestamp="2024-04-09T13:55:53 IST" skipped="0">
  <testcase classname="Day12.ThirdTest" name="OpenApp" time="24.410"/>
  <testcase classname="Day12.ThirdTest" name="login" time="0.422"/>
  <testcase classname="Day12.ThirdTest" name="CloseApp" time="0.178"/>
</testsuite> <!-- Day12.ThirdTest -->
